Removed Pin From Net: NetName=GPIO6.0 Pin=GPIO-1
Removed Pin From Net: NetName=GPIO2.3 Pin=GPIO-2
Removed Pin From Net: NetName=GPIO3.7 Pin=GPIO-4
Removed Pin From Net: NetName=GPIO3.6 Pin=GPIO-6
Removed Pin From Net: NetName=GPIO6.3 Pin=GPIO-7
Removed Pin From Net: NetName=GPIO6.4 Pin=GPIO-9
Removed Pin From Net: NetName=GPIO6.5 Pin=GPIO-11
Removed Pin From Net: NetName=GPIO2.7 Pin=GPIO-12
Removed Pin From Net: NetName=GPIO6.6 Pin=GPIO-13
Removed Pin From Net: NetName=GPIO2.6 Pin=GPIO-14
Removed Pin From Net: NetName=UCA1_TX/MOSI Pin=U1-23
Removed Pin From Net: NetName=UCA1_RX/MISO Pin=U1-24
Removed Pin From Net: NetName=UCA1_CLK Pin=U1-25
Removed Pin From Net: NetName=UCA1_STE Pin=U1-26
Removed Member From Class: ClassName=MCU Member=GPIO
Change Component Footprint: Designator=COMP Old Footprint=HDR1X2 New Footprint=HEADER_2.54MM_1x2PIN
Change Component Footprint: Designator=PWR Old Footprint=HDR1X2 New Footprint=HEADER_2.54MM_1x2PIN
Change Component Footprint: Designator=ADC Old Footprint=HDR1X3 New Footprint=HEADER_2.54MM_1x3PIN
Change Component Footprint: Designator=LEDs Old Footprint=HDR1X3 New Footprint=HEADER_2.54MM_1x3PIN
Change Component Footprint: Designator=UCA0 Old Footprint=HDR1X4 New Footprint=HEADER_2.54MM_1x4PIN
Change Component Footprint: Designator=UCA1 Old Footprint=HDR1X4 New Footprint=HEADER_2.54MM_1x4PIN
Change Component Footprint: Designator=UCB1 Old Footprint=HDR1X4 New Footprint=HEADER_2.54MM_1x4PIN
Change Component Comment : Designator=PWR Old Comment= New Comment=HDR,2.54mm,1x2
Change Component Comment : Designator=COMP Old Comment=Header 2 New Comment=HDR,2.54mm,1x2
Change Component Comment : Designator=ADC Old Comment=Header 3 New Comment=HDR,2.54mm,1x3
Change Component Comment : Designator=LEDs Old Comment=Header 3 New Comment=HDR,2.54mm,1x3
Change Component Comment : Designator=UCA0 Old Comment=Header 4 New Comment=HDR,2.54mm,1x4
Change Component Comment : Designator=UCA1 Old Comment=Header 4 New Comment=HDR,2.54mm,1x4
Change Component Comment : Designator=UCB1 Old Comment=Header 4 New Comment=HDR,2.54mm,1x4
Added Component: Designator=C4(CAPACITOR_0805_2012M-70N)
Add component (AddParameter): Name = "APSS Standard Part"; Value = "APSS Standard"; VariantName = "[No Variations]"
Add component (AddParameter): Name = "Capacitance at Rated Voltage"; Value = "10%"; VariantName = "[No Variations]"
Add component (AddParameter): Name = "MF Part No."; Value = "GRM21BR61C226ME44L"; VariantName = "[No Variations]"
Add component (AddParameter): Name = "Package"; Value = "0805"; VariantName = "[No Variations]"
Add component (AddParameter): Name = "Rated Voltage"; Value = "16V"; VariantName = "[No Variations]"
Add component (AddParameter): Name = "Supplier 1"; Value = "Digikey"; VariantName = "[No Variations]"
Add component (AddParameter): Name = "Supplier 1 Part No."; Value = "490-10747-1-ND"; VariantName = "[No Variations]"
Add component (AddParameter): Name = "Supplier 2"; Value = ""; VariantName = "[No Variations]"
Add component (AddParameter): Name = "Supplier 2 Part No."; Value = ""; VariantName = "[No Variations]"
Add component (AddParameter): Name = "Temp Range"; Value = "-55°C ~ 85°C"; VariantName = "[No Variations]"
Add component (AddParameter): Name = "Temperature Coefficient"; Value = "X5R"; VariantName = "[No Variations]"
Add component (AddParameter): Name = "Tolerance"; Value = "±20%"; VariantName = "[No Variations]"
Add component (AddParameter): Name = "Value"; Value = "22uF"; VariantName = "[No Variations]"
Added Component: Designator=C6(CAPACITOR_0805_2012M-70N)
Add component (AddParameter): Name = "APSS Standard Part"; Value = "APSS Standard"; VariantName = "[No Variations]"
Add component (AddParameter): Name = "Capacitance at Rated Voltage"; Value = "10%"; VariantName = "[No Variations]"
Add component (AddParameter): Name = "MF Part No."; Value = "GRM21BR61C226ME44L"; VariantName = "[No Variations]"
Add component (AddParameter): Name = "Package"; Value = "0805"; VariantName = "[No Variations]"
Add component (AddParameter): Name = "Rated Voltage"; Value = "16V"; VariantName = "[No Variations]"
Add component (AddParameter): Name = "Supplier 1"; Value = "Digikey"; VariantName = "[No Variations]"
Add component (AddParameter): Name = "Supplier 1 Part No."; Value = "490-10747-1-ND"; VariantName = "[No Variations]"
Add component (AddParameter): Name = "Supplier 2"; Value = ""; VariantName = "[No Variations]"
Add component (AddParameter): Name = "Supplier 2 Part No."; Value = ""; VariantName = "[No Variations]"
Add component (AddParameter): Name = "Temp Range"; Value = "-55°C ~ 85°C"; VariantName = "[No Variations]"
Add component (AddParameter): Name = "Temperature Coefficient"; Value = "X5R"; VariantName = "[No Variations]"
Add component (AddParameter): Name = "Tolerance"; Value = "±20%"; VariantName = "[No Variations]"
Add component (AddParameter): Name = "Value"; Value = "22uF"; VariantName = "[No Variations]"
Added Component: Designator=C7(CAPACITOR_0805_2012M-70N)
Add component (AddParameter): Name = "APSS Standard Part"; Value = "APSS Standard"; VariantName = "[No Variations]"
Add component (AddParameter): Name = "Capacitance at Rated Voltage"; Value = "10%"; VariantName = "[No Variations]"
Add component (AddParameter): Name = "MF Part No."; Value = "GRM21BR61C226ME44L"; VariantName = "[No Variations]"
Add component (AddParameter): Name = "Package"; Value = "0805"; VariantName = "[No Variations]"
Add component (AddParameter): Name = "Rated Voltage"; Value = "16V"; VariantName = "[No Variations]"
Add component (AddParameter): Name = "Supplier 1"; Value = "Digikey"; VariantName = "[No Variations]"
Add component (AddParameter): Name = "Supplier 1 Part No."; Value = "490-10747-1-ND"; VariantName = "[No Variations]"
Add component (AddParameter): Name = "Supplier 2"; Value = ""; VariantName = "[No Variations]"
Add component (AddParameter): Name = "Supplier 2 Part No."; Value = ""; VariantName = "[No Variations]"
Add component (AddParameter): Name = "Temp Range"; Value = "-55°C ~ 85°C"; VariantName = "[No Variations]"
Add component (AddParameter): Name = "Temperature Coefficient"; Value = "X5R"; VariantName = "[No Variations]"
Add component (AddParameter): Name = "Tolerance"; Value = "±20%"; VariantName = "[No Variations]"
Add component (AddParameter): Name = "Value"; Value = "22uF"; VariantName = "[No Variations]"
Added Component: Designator=C8(CAPACITOR_0805_2012M-70N)
Add component (AddParameter): Name = "Capacitance at Rated Voltage"; Value = "40%"; VariantName = "[No Variations]"
Add component (AddParameter): Name = "MF Part No."; Value = "C0805C104K5RAC7800"; VariantName = "[No Variations]"
Add component (AddParameter): Name = "Package"; Value = "0805"; VariantName = "[No Variations]"
Add component (AddParameter): Name = "Rated Voltage"; Value = "50V"; VariantName = "[No Variations]"
Add component (AddParameter): Name = "Supplier 1"; Value = "Digikey"; VariantName = "[No Variations]"
Add component (AddParameter): Name = "Supplier 1 Part No."; Value = "399-C0805C104K5RAC7800CT-ND"; VariantName = "[No Variations]"
Add component (AddParameter): Name = "Supplier 2"; Value = ""; VariantName = "[No Variations]"
Add component (AddParameter): Name = "Supplier 2 Part No."; Value = ""; VariantName = "[No Variations]"
Add component (AddParameter): Name = "Temp Range"; Value = "-55°C ~ 125°C"; VariantName = "[No Variations]"
Add component (AddParameter): Name = "Temperature Coefficient"; Value = "X7R"; VariantName = "[No Variations]"
Add component (AddParameter): Name = "Tolerance"; Value = "±10%"; VariantName = "[No Variations]"
Add component (AddParameter): Name = "Value"; Value = "0.1uF"; VariantName = "[No Variations]"
Added Component: Designator=GPIO1(HEADER_2.54MM_1x7PIN)
Added Component: Designator=GPIO2(HEADER_2.54MM_1x7PIN)
Added Component: Designator=J2(CUI_MSD-4-A)
Add component (AddParameter): Name = "Check_prices"; Value = "https://www.snapeda.com/parts/MSD-4-A/Same+Sky/view-part/?ref=eda"; VariantName = "[No Variations]"
Add component (AddParameter): Name = "MF"; Value = "Same Sky"; VariantName = "[No Variations]"
Add component (AddParameter): Name = "MP"; Value = "MSD-4-A"; VariantName = "[No Variations]"
Add component (AddParameter): Name = "Package"; Value = "None"; VariantName = "[No Variations]"
Add component (AddParameter): Name = "SnapEDA_Link"; Value = "https://www.snapeda.com/parts/MSD-4-A/Same+Sky/view-part/?ref=snap"; VariantName = "[No Variations]"
Add component (AddParameter): Name = "Value"; Value = ""; VariantName = "[No Variations]"
Added Component: Designator=J3(MOLEX_0530480310)
Add component (AddParameter): Name = "APSS Standard Part"; Value = "APSS Standard"; VariantName = "[No Variations]"
Add component (AddParameter): Name = "MF Part No."; Value = "0530480310"; VariantName = "[No Variations]"
Add component (AddParameter): Name = "Mounting Type"; Value = "Through-hole"; VariantName = "[No Variations]"
Add component (AddParameter): Name = "Orientation"; Value = "Right Angle"; VariantName = "[No Variations]"
Add component (AddParameter): Name = "Pins"; Value = "3"; VariantName = "[No Variations]"
Add component (AddParameter): Name = "Pitch"; Value = "1.25mm"; VariantName = "[No Variations]"
Add component (AddParameter): Name = "Supplier 1"; Value = "Digikey"; VariantName = "[No Variations]"
Add component (AddParameter): Name = "Supplier 1 Part No."; Value = "WM1743-ND"; VariantName = "[No Variations]"
Add component (AddParameter): Name = "Supplier 2"; Value = ""; VariantName = "[No Variations]"
Add component (AddParameter): Name = "Supplier 2 Part No."; Value = ""; VariantName = "[No Variations]"
Added Component: Designator=J4(MOLEX_0530480310)
Add component (AddParameter): Name = "APSS Standard Part"; Value = "APSS Standard"; VariantName = "[No Variations]"
Add component (AddParameter): Name = "MF Part No."; Value = "0530480310"; VariantName = "[No Variations]"
Add component (AddParameter): Name = "Mounting Type"; Value = "Through-hole"; VariantName = "[No Variations]"
Add component (AddParameter): Name = "Orientation"; Value = "Right Angle"; VariantName = "[No Variations]"
Add component (AddParameter): Name = "Pins"; Value = "3"; VariantName = "[No Variations]"
Add component (AddParameter): Name = "Pitch"; Value = "1.25mm"; VariantName = "[No Variations]"
Add component (AddParameter): Name = "Supplier 1"; Value = "Digikey"; VariantName = "[No Variations]"
Add component (AddParameter): Name = "Supplier 1 Part No."; Value = "WM1743-ND"; VariantName = "[No Variations]"
Add component (AddParameter): Name = "Supplier 2"; Value = ""; VariantName = "[No Variations]"
Add component (AddParameter): Name = "Supplier 2 Part No."; Value = ""; VariantName = "[No Variations]"
Added Component: Designator=J5(MOLEX_0530480410)
Add component (AddParameter): Name = "APSS Standard Part"; Value = "APSS Standard"; VariantName = "[No Variations]"
Add component (AddParameter): Name = "MF Part No."; Value = "0530480410"; VariantName = "[No Variations]"
Add component (AddParameter): Name = "Mounting Type"; Value = "Through-hole"; VariantName = "[No Variations]"
Add component (AddParameter): Name = "Orientation"; Value = "Right Angle"; VariantName = "[No Variations]"
Add component (AddParameter): Name = "Pins"; Value = "4"; VariantName = "[No Variations]"
Add component (AddParameter): Name = "Pitch"; Value = "1.25mm"; VariantName = "[No Variations]"
Add component (AddParameter): Name = "Supplier 1"; Value = "Digikey"; VariantName = "[No Variations]"
Add component (AddParameter): Name = "Supplier 1 Part No."; Value = "WM1744-ND"; VariantName = "[No Variations]"
Add component (AddParameter): Name = "Supplier 2"; Value = ""; VariantName = "[No Variations]"
Add component (AddParameter): Name = "Supplier 2 Part No."; Value = ""; VariantName = "[No Variations]"
Added Component: Designator=R11(Resistor_0805_2012M-50N)
Add component (AddParameter): Name = "APSS Standard Part"; Value = "APSS Standard"; VariantName = "[No Variations]"
Add component (AddParameter): Name = "E Series"; Value = "E24"; VariantName = "[No Variations]"
Add component (AddParameter): Name = "MF Part No."; Value = "RMCF0805JT1K00"; VariantName = "[No Variations]"
Add component (AddParameter): Name = "Package"; Value = "0805"; VariantName = "[No Variations]"
Add component (AddParameter): Name = "Power"; Value = "1/8W"; VariantName = "[No Variations]"
Add component (AddParameter): Name = "Rated Voltage"; Value = "150V"; VariantName = "[No Variations]"
Add component (AddParameter): Name = "Supplier 1"; Value = "Digikey"; VariantName = "[No Variations]"
Add component (AddParameter): Name = "Supplier 1 Part No."; Value = ""; VariantName = "[No Variations]"
Add component (AddParameter): Name = "Supplier 2"; Value = ""; VariantName = "[No Variations]"
Add component (AddParameter): Name = "Supplier 2 Part No."; Value = ""; VariantName = "[No Variations]"
Add component (AddParameter): Name = "Temp Range"; Value = "-55°C ~ 155°C"; VariantName = "[No Variations]"
Add component (AddParameter): Name = "Temperature Coefficient"; Value = "±200ppm/°C"; VariantName = "[No Variations]"
Add component (AddParameter): Name = "Tolerance"; Value = "5%"; VariantName = "[No Variations]"
Add component (AddParameter): Name = "Value"; Value = "4.7k"; VariantName = "[No Variations]"
Add component (AddParameter): Name = "Value Range"; Value = "100m ~ 22M"; VariantName = "[No Variations]"
Added Component: Designator=R12(Resistor_0805_2012M-50N)
Add component (AddParameter): Name = "APSS Standard Part"; Value = "APSS Standard"; VariantName = "[No Variations]"
Add component (AddParameter): Name = "E Series"; Value = "E24"; VariantName = "[No Variations]"
Add component (AddParameter): Name = "MF Part No."; Value = "RMCF0805JT1K00"; VariantName = "[No Variations]"
Add component (AddParameter): Name = "Package"; Value = "0805"; VariantName = "[No Variations]"
Add component (AddParameter): Name = "Power"; Value = "1/8W"; VariantName = "[No Variations]"
Add component (AddParameter): Name = "Rated Voltage"; Value = "150V"; VariantName = "[No Variations]"
Add component (AddParameter): Name = "Supplier 1"; Value = "Digikey"; VariantName = "[No Variations]"
Add component (AddParameter): Name = "Supplier 1 Part No."; Value = ""; VariantName = "[No Variations]"
Add component (AddParameter): Name = "Supplier 2"; Value = ""; VariantName = "[No Variations]"
Add component (AddParameter): Name = "Supplier 2 Part No."; Value = ""; VariantName = "[No Variations]"
Add component (AddParameter): Name = "Temp Range"; Value = "-55°C ~ 155°C"; VariantName = "[No Variations]"
Add component (AddParameter): Name = "Temperature Coefficient"; Value = "±200ppm/°C"; VariantName = "[No Variations]"
Add component (AddParameter): Name = "Tolerance"; Value = "5%"; VariantName = "[No Variations]"
Add component (AddParameter): Name = "Value"; Value = "4.7k"; VariantName = "[No Variations]"
Add component (AddParameter): Name = "Value Range"; Value = "100m ~ 22M"; VariantName = "[No Variations]"
Added Component: Designator=R13(Resistor_0805_2012M-50N)
Add component (AddParameter): Name = "APSS Standard Part"; Value = "APSS Standard"; VariantName = "[No Variations]"
Add component (AddParameter): Name = "E Series"; Value = "E24"; VariantName = "[No Variations]"
Add component (AddParameter): Name = "MF Part No."; Value = "RMCF0805JT1K00"; VariantName = "[No Variations]"
Add component (AddParameter): Name = "Package"; Value = "0805"; VariantName = "[No Variations]"
Add component (AddParameter): Name = "Power"; Value = "1/8W"; VariantName = "[No Variations]"
Add component (AddParameter): Name = "Rated Voltage"; Value = "150V"; VariantName = "[No Variations]"
Add component (AddParameter): Name = "Supplier 1"; Value = "Digikey"; VariantName = "[No Variations]"
Add component (AddParameter): Name = "Supplier 1 Part No."; Value = ""; VariantName = "[No Variations]"
Add component (AddParameter): Name = "Supplier 2"; Value = ""; VariantName = "[No Variations]"
Add component (AddParameter): Name = "Supplier 2 Part No."; Value = ""; VariantName = "[No Variations]"
Add component (AddParameter): Name = "Temp Range"; Value = "-55°C ~ 155°C"; VariantName = "[No Variations]"
Add component (AddParameter): Name = "Temperature Coefficient"; Value = "±200ppm/°C"; VariantName = "[No Variations]"
Add component (AddParameter): Name = "Tolerance"; Value = "5%"; VariantName = "[No Variations]"
Add component (AddParameter): Name = "Value"; Value = "4.7k"; VariantName = "[No Variations]"
Add component (AddParameter): Name = "Value Range"; Value = "100m ~ 22M"; VariantName = "[No Variations]"
Added Component: Designator=R14(Resistor_0805_2012M-50N)
Add component (AddParameter): Name = "APSS Standard Part"; Value = "APSS Standard"; VariantName = "[No Variations]"
Add component (AddParameter): Name = "E Series"; Value = "E24"; VariantName = "[No Variations]"
Add component (AddParameter): Name = "MF Part No."; Value = "RMCF0805JT1K00"; VariantName = "[No Variations]"
Add component (AddParameter): Name = "Package"; Value = "0805"; VariantName = "[No Variations]"
Add component (AddParameter): Name = "Power"; Value = "1/8W"; VariantName = "[No Variations]"
Add component (AddParameter): Name = "Rated Voltage"; Value = "150V"; VariantName = "[No Variations]"
Add component (AddParameter): Name = "Supplier 1"; Value = "Digikey"; VariantName = "[No Variations]"
Add component (AddParameter): Name = "Supplier 1 Part No."; Value = ""; VariantName = "[No Variations]"
Add component (AddParameter): Name = "Supplier 2"; Value = ""; VariantName = "[No Variations]"
Add component (AddParameter): Name = "Supplier 2 Part No."; Value = ""; VariantName = "[No Variations]"
Add component (AddParameter): Name = "Temp Range"; Value = "-55°C ~ 155°C"; VariantName = "[No Variations]"
Add component (AddParameter): Name = "Temperature Coefficient"; Value = "±200ppm/°C"; VariantName = "[No Variations]"
Add component (AddParameter): Name = "Tolerance"; Value = "5%"; VariantName = "[No Variations]"
Add component (AddParameter): Name = "Value"; Value = "4.7k"; VariantName = "[No Variations]"
Add component (AddParameter): Name = "Value Range"; Value = "100m ~ 22M"; VariantName = "[No Variations]"
Added Component: Designator=R15(Resistor_0805_2012M-50N)
Add component (AddParameter): Name = "APSS Standard Part"; Value = "APSS Standard"; VariantName = "[No Variations]"
Add component (AddParameter): Name = "E Series"; Value = "E24"; VariantName = "[No Variations]"
Add component (AddParameter): Name = "MF Part No."; Value = "RMCF0805JT1K00"; VariantName = "[No Variations]"
Add component (AddParameter): Name = "Package"; Value = "0805"; VariantName = "[No Variations]"
Add component (AddParameter): Name = "Power"; Value = "1/8W"; VariantName = "[No Variations]"
Add component (AddParameter): Name = "Rated Voltage"; Value = "150V"; VariantName = "[No Variations]"
Add component (AddParameter): Name = "Supplier 1"; Value = "Digikey"; VariantName = "[No Variations]"
Add component (AddParameter): Name = "Supplier 1 Part No."; Value = ""; VariantName = "[No Variations]"
Add component (AddParameter): Name = "Supplier 2"; Value = ""; VariantName = "[No Variations]"
Add component (AddParameter): Name = "Supplier 2 Part No."; Value = ""; VariantName = "[No Variations]"
Add component (AddParameter): Name = "Temp Range"; Value = "-55°C ~ 155°C"; VariantName = "[No Variations]"
Add component (AddParameter): Name = "Temperature Coefficient"; Value = "±200ppm/°C"; VariantName = "[No Variations]"
Add component (AddParameter): Name = "Tolerance"; Value = "5%"; VariantName = "[No Variations]"
Add component (AddParameter): Name = "Value"; Value = "4.7k"; VariantName = "[No Variations]"
Add component (AddParameter): Name = "Value Range"; Value = "100m ~ 22M"; VariantName = "[No Variations]"
Added Component: Designator=U2(BMP390)
Add component (AddParameter): Name = "APSS Standard Part"; Value = "APSS Standard"; VariantName = "[No Variations]"
Add component (AddParameter): Name = "MF Part No."; Value = "BMP390"; VariantName = "[No Variations]"
Add component (AddParameter): Name = "Package"; Value = "LGA"; VariantName = "[No Variations]"
Add component (AddParameter): Name = "Pins"; Value = "10"; VariantName = "[No Variations]"
Add component (AddParameter): Name = "Pressure Range"; Value = "30 kPa ~ 125 kPa"; VariantName = "[No Variations]"
Add component (AddParameter): Name = "Supplier 1"; Value = "Digikey"; VariantName = "[No Variations]"
Add component (AddParameter): Name = "Supplier 1 Part No."; Value = "828-BMP390CT-ND"; VariantName = "[No Variations]"
Add component (AddParameter): Name = "Supplier 2"; Value = ""; VariantName = "[No Variations]"
Add component (AddParameter): Name = "Supplier 2 Part No."; Value = ""; VariantName = "[No Variations]"
Add component (AddParameter): Name = "Temp Range"; Value = "-40°C ~ 85°C"; VariantName = "[No Variations]"
Added Component: Designator=UCB0(HEADER_2.54MM_1x4PIN)
Added Pin To Net: NetName=GND Pin=C4-1
Added Pin To Net: NetName=3V3 Pin=C4-2
Added Pin To Net: NetName=GND Pin=C6-1
Added Pin To Net: NetName=3V3 Pin=C6-2
Added Pin To Net: NetName=GND Pin=C7-1
Added Pin To Net: NetName=3V3 Pin=C7-2
Added Pin To Net: NetName=GND Pin=C8-1
Added Pin To Net: NetName=3V3 Pin=C8-2
Added Pin To Net: NetName=GPIO2.3 Pin=GPIO1-1
Added Pin To Net: NetName=GPIO3.7 Pin=GPIO1-2
Added Pin To Net: NetName=GPIO3.6 Pin=GPIO1-3
Added Pin To Net: NetName=GPIO2.7 Pin=GPIO1-6
Added Pin To Net: NetName=GPIO2.6 Pin=GPIO1-7
Added Pin To Net: NetName=GPIO6.0 Pin=GPIO2-1
Added Pin To Net: NetName=GPIO6.3 Pin=GPIO2-4
Added Pin To Net: NetName=GPIO6.4 Pin=GPIO2-5
Added Pin To Net: NetName=GPIO6.5 Pin=GPIO2-6
Added Pin To Net: NetName=GPIO6.6 Pin=GPIO2-7
Added Pin To Net: NetName=3V3 Pin=J2-4
Added Pin To Net: NetName=GND Pin=J2-6
Added Pin To Net: NetName=GND Pin=J2-G1
Added Pin To Net: NetName=GND Pin=J2-G2
Added Pin To Net: NetName=GND Pin=J2-G3
Added Pin To Net: NetName=GND Pin=J2-G4
Added Pin To Net: NetName=GPIO6.3 Pin=J3-1
Added Pin To Net: NetName=5V Pin=J3-2
Added Pin To Net: NetName=GND Pin=J3-3
Added Pin To Net: NetName=GPIO6.3 Pin=J4-1
Added Pin To Net: NetName=5V Pin=J4-2
Added Pin To Net: NetName=GND Pin=J4-3
Added Pin To Net: NetName=3V3 Pin=J5-1
Added Pin To Net: NetName=UCA0_RX/MISO/JTAG_TDI Pin=J5-2
Added Pin To Net: NetName=UCA0_TX/MOSI/JTAG_TDO Pin=J5-3
Added Pin To Net: NetName=GND Pin=J5-4
Added Pin To Net: NetName=3V3 Pin=R11-2
Added Pin To Net: NetName=3V3 Pin=R12-2
Added Pin To Net: NetName=3V3 Pin=R13-2
Added Pin To Net: NetName=3V3 Pin=R14-2
Added Pin To Net: NetName=3V3 Pin=R15-2
Added Pin To Net: NetName=3V3 Pin=U2-1
Added Pin To Net: NetName=UCB0_SCL/MISO Pin=U2-2
Added Pin To Net: NetName=GND Pin=U2-3
Added Pin To Net: NetName=UCB0_SDA/MOSI Pin=U2-4
Added Pin To Net: NetName=3V3 Pin=U2-6
Added Pin To Net: NetName=GND Pin=U2-8
Added Pin To Net: NetName=GND Pin=U2-9
Added Pin To Net: NetName=3V3 Pin=U2-10
Added Pin To Net: NetName=UCB0_STE Pin=UCB0-1
Added Pin To Net: NetName=UCB0_CLK Pin=UCB0-2
Added Pin To Net: NetName=UCB0_SDA/MOSI Pin=UCB0-3
Added Pin To Net: NetName=UCB0_SCL/MISO Pin=UCB0-4
Added Pin To Net: NetName=NetJ2_1 Pin=J2-1
Added Pin To Net: NetName=NetJ2_1 Pin=R12-1
Added Net: Name=NetJ2_1
Added Pin To Net: NetName=NetJ2_8 Pin=J2-8
Added Pin To Net: NetName=NetJ2_8 Pin=R13-1
Added Net: Name=NetJ2_8
Added Pin To Net: NetName=P3.5 / SD_CardDetect Pin=J2-CD
Added Pin To Net: NetName=P3.5 / SD_CardDetect Pin=U1-37
Added Net: Name=P3.5 / SD_CardDetect
Added Pin To Net: NetName=P4.0 / SD_CS Pin=J2-2
Added Pin To Net: NetName=P4.0 / SD_CS Pin=R11-1
Added Pin To Net: NetName=P4.0 / SD_CS Pin=U1-26
Added Net: Name=P4.0 / SD_CS
Added Pin To Net: NetName=P6.1 / BMP_INT Pin=U1-21
Added Pin To Net: NetName=P6.1 / BMP_INT Pin=U2-7
Added Net: Name=P6.1 / BMP_INT
Added Pin To Net: NetName=P6.2 / BMP_ADR Pin=U1-20
Added Pin To Net: NetName=P6.2 / BMP_ADR Pin=U2-5
Added Net: Name=P6.2 / BMP_ADR
Added Pin To Net: NetName=SD_CLK Pin=J2-5
Added Pin To Net: NetName=SD_CLK Pin=U1-25
Added Net: Name=SD_CLK
Added Pin To Net: NetName=SD_MISO Pin=J2-7
Added Pin To Net: NetName=SD_MISO Pin=R14-1
Added Pin To Net: NetName=SD_MISO Pin=U1-24
Added Net: Name=SD_MISO
Added Pin To Net: NetName=SD_MOSI Pin=J2-3
Added Pin To Net: NetName=SD_MOSI Pin=R15-1
Added Pin To Net: NetName=SD_MOSI Pin=U1-23
Added Net: Name=SD_MOSI
Added Member To Class: ClassName=MCU Member=Component C4 22uF
Added Member To Class: ClassName=MCU Member=Component C6 22uF
Added Member To Class: ClassName=MCU Member=Component C7 22uF
Added Member To Class: ClassName=MCU Member=Component C8 0.1uF
Added Member To Class: ClassName=MCU Member=Component GPIO1 HDR,2.54mm,1x7
Added Member To Class: ClassName=MCU Member=Component GPIO2 HDR,2.54mm,1x7
Added Member To Class: ClassName=MCU Member=Component J2 MSD-4-A
Added Member To Class: ClassName=MCU Member=Component J3 0530480310
Added Member To Class: ClassName=MCU Member=Component J4 0530480310
Added Member To Class: ClassName=MCU Member=Component J5 0530480410
Added Member To Class: ClassName=MCU Member=Component R11 4.7k
Added Member To Class: ClassName=MCU Member=Component R12 4.7k
Added Member To Class: ClassName=MCU Member=Component R13 4.7k
Added Member To Class: ClassName=MCU Member=Component R14 4.7k
Added Member To Class: ClassName=MCU Member=Component R15 4.7k
Added Member To Class: ClassName=MCU Member=Component U2 BMP390
Added Member To Class: ClassName=MCU Member=Component UCB0 HDR,2.54mm,1x4
Added Room: Name=MCU
